[    64.845] (--) Log file renamed from "/home/palesa/.local/share/xorg/Xorg.pid-1408.log" to "/home/palesa/.local/share/xorg/Xorg.0.log"
[    64.846] 
X.Org X Server 1.20.9
X Protocol Version 11, Revision 0
[    64.846] Build Operating System: Linux 4.15.0-140-generic x86_64 Ubuntu
[    64.846] Current Operating System: Linux ubuntu 5.8.0-50-generic #56~20.04.1-Ubuntu SMP Mon Apr 12 21:46:35 UTC 2021 x86_64
[    64.846] Kernel command line: BOOT_IMAGE=/boot/vmlinuz-5.8.0-50-generic root=UUID=64d921bb-3d4b-4116-864c-b7051c1c2725 ro find_preseed=/preseed.cfg auto noprompt priority=critical locale=en_US quiet
[    64.846] Build Date: 08 April 2021  12:29:22PM
[    64.846] xorg-server 2:1.20.9-2ubuntu1.2~20.04.2 (For technical support please see http://www.ubuntu.com/support) 
[    64.846] Current version of pixman: 0.38.4
[    64.846] 	Before reporting problems, check http://wiki.x.org
	to make sure that you have the latest version.
[    64.846] Markers: (--) probed, (**) from config file, (==) default setting,
	(++) from command line, (!!) notice, (II) informational,
	(WW) warning, (EE) error, (NI) not implemented, (??) unknown.
[    64.846] (==) Log file: "/home/palesa/.local/share/xorg/Xorg.0.log", Time: Mon May 10 23:35:07 2021
[    64.876] (==) Using system config directory "/usr/share/X11/xorg.conf.d"
[    64.967] (==) No Layout section.  Using the first Screen section.
[    64.967] (==) No screen section available. Using defaults.
[    64.967] (**) |-->Screen "Default Screen Section" (0)
[    64.968] (**) |   |-->Monitor "<default monitor>"
[    64.969] (==) No monitor specified for screen "Default Screen Section".
	Using a default monitor configuration.
[    64.969] (==) Automatically adding devices
[    64.969] (==) Automatically enabling devices
[    64.969] (==) Automatically adding GPU devices
[    64.969] (==) Automatically binding GPU devices
[    64.969] (==) Max clients allowed: 256, resource mask: 0x1fffff
[    64.969] (WW) The directory "/usr/share/fonts/X11/cyrillic" does not exist.
[    64.969] 	Entry deleted from font path.
[    64.969] (WW) The directory "/usr/share/fonts/X11/100dpi/" does not exist.
[    64.969] 	Entry deleted from font path.
[    64.969] (WW) The directory "/usr/share/fonts/X11/75dpi/" does not exist.
[    64.969] 	Entry deleted from font path.
[    64.969] (WW) The directory "/usr/share/fonts/X11/100dpi" does not exist.
[    64.969] 	Entry deleted from font path.
[    64.969] (WW) The directory "/usr/share/fonts/X11/75dpi" does not exist.
[    64.969] 	Entry deleted from font path.
[    64.969] (==) FontPath set to:
	/usr/share/fonts/X11/misc,
	/usr/share/fonts/X11/Type1,
	built-ins
[    64.969] (==) ModulePath set to "/usr/lib/xorg/modules"
[    64.969] (II) The server relies on udev to provide the list of input devices.
	If no devices become available, reconfigure udev or disable AutoAddDevices.
[    64.969] (II) Loader magic: 0x55b3d1bda020
[    64.969] (II) Module ABI versions:
[    64.969] 	X.Org ANSI C Emulation: 0.4
[    64.969] 	X.Org Video Driver: 24.1
[    64.969] 	X.Org XInput driver : 24.1
[    64.969] 	X.Org Server Extension : 10.0
[    64.970] (++) using VT number 2

[    64.972] (II) systemd-logind: took control of session /org/freedesktop/login1/session/_32
[    64.973] (II) xfree86: Adding drm device (/dev/dri/card0)
[    64.973] (II) systemd-logind: got fd for /dev/dri/card0 226:0 fd 12 paused 0
[    64.982] (--) PCI:*(0@0:15:0) 15ad:0405:15ad:0405 rev 0, Mem @ 0xe8000000/134217728, 0xfe000000/8388608, I/O @ 0x00001070/16, BIOS @ 0x????????/131072
[    64.982] (II) LoadModule: "glx"
[    64.991] (II) Loading /usr/lib/xorg/modules/extensions/libglx.so
[    65.011] (II) Module glx: vendor="X.Org Foundation"
[    65.011] 	compiled for 1.20.9, module version = 1.0.0
[    65.011] 	ABI class: X.Org Server Extension, version 10.0
[    65.011] (==) Matched vmware as autoconfigured driver 0
[    65.011] (==) Matched modesetting as autoconfigured driver 1
[    65.011] (==) Matched fbdev as autoconfigured driver 2
[    65.011] (==) Matched vesa as autoconfigured driver 3
[    65.011] (==) Assigned the driver to the xf86ConfigLayout
[    65.011] (II) LoadModule: "vmware"
[    65.011] (II) Loading /usr/lib/xorg/modules/drivers/vmware_drv.so
[    65.158] (II) Module vmware: vendor="X.Org Foundation"
[    65.158] 	compiled for 1.20.8, module version = 13.3.0
[    65.158] 	Module class: X.Org Video Driver
[    65.158] 	ABI class: X.Org Video Driver, version 24.1
[    65.158] (II) LoadModule: "modesetting"
[    65.158] (II) Loading /usr/lib/xorg/modules/drivers/modesetting_drv.so
[    65.172] (II) Module modesetting: vendor="X.Org Foundation"
[    65.172] 	compiled for 1.20.9, module version = 1.20.9
[    65.173] 	Module class: X.Org Video Driver
[    65.173] 	ABI class: X.Org Video Driver, version 24.1
[    65.173] (II) LoadModule: "fbdev"
[    65.173] (II) Loading /usr/lib/xorg/modules/drivers/fbdev_drv.so
[    65.191] (II) Module fbdev: vendor="X.Org Foundation"
[    65.191] 	compiled for 1.20.1, module version = 0.5.0
[    65.191] 	Module class: X.Org Video Driver
[    65.191] 	ABI class: X.Org Video Driver, version 24.0
[    65.191] (II) LoadModule: "vesa"
[    65.191] (II) Loading /usr/lib/xorg/modules/drivers/vesa_drv.so
[    65.217] (II) Module vesa: vendor="X.Org Foundation"
[    65.217] 	compiled for 1.20.4, module version = 2.4.0
[    65.217] 	Module class: X.Org Video Driver
[    65.217] 	ABI class: X.Org Video Driver, version 24.0
[    65.217] (II) vmware: driver for VMware SVGA: vmware0405, vmware0710
[    65.218] (II) modesetting: Driver for Modesetting Kernel Drivers: kms
[    65.218] (II) FBDEV: driver for framebuffer: fbdev
[    65.218] (II) VESA: driver for VESA chipsets: vesa
[    65.218] xf86EnableIOPorts: failed to set IOPL for I/O (Operation not permitted)
[    65.218] (WW) Falling back to old probe method for modesetting
[    65.218] (WW) Falling back to old probe method for fbdev
[    65.218] (II) Loading sub module "fbdevhw"
[    65.218] (II) LoadModule: "fbdevhw"
[    65.222] (II) Loading /usr/lib/xorg/modules/libfbdevhw.so
[    65.236] (II) Module fbdevhw: vendor="X.Org Foundation"
[    65.236] 	compiled for 1.20.9, module version = 0.0.2
[    65.236] 	ABI class: X.Org Video Driver, version 24.1
[    65.236] (EE) open /dev/fb0: Permission denied
[    65.236] (WW) VGA arbiter: cannot open kernel arbiter, no multi-card support
[    65.236] (II) vmware(0): Creating default Display subsection in Screen section
	"Default Screen Section" for depth/fbbpp 24/32
[    65.236] (--) vmware(0): DRM driver version is 2.18.0
[    65.236] (==) vmware(0): Depth 24, (--) framebuffer bpp 32
[    65.236] (==) vmware(0): RGB weight 888
[    65.237] (==) vmware(0): Default visual is TrueColor
[    65.237] (--) vmware(0): Min width 1, Max Width 16384.
[    65.237] (--) vmware(0): Min height 1, Max Height 16384.
[    65.238] (II) vmware(0): Output Virtual1 has no monitor section
[    65.238] (II) vmware(0): Output Virtual2 has no monitor section
[    65.238] (II) vmware(0): Output Virtual3 has no monitor section
[    65.238] (II) vmware(0): Output Virtual4 has no monitor section
[    65.238] (II) vmware(0): Output Virtual5 has no monitor section
[    65.238] (II) vmware(0): Output Virtual6 has no monitor section
[    65.238] (II) vmware(0): Output Virtual7 has no monitor section
[    65.238] (II) vmware(0): Output Virtual8 has no monitor section
[    65.238] (II) vmware(0): Printing probed modes for output Virtual1
[    65.238] (II) vmware(0): Modeline "1164x616"x60.0   60.39  1164 1214 1264 1314  616 666 716 766 -hsync +vsync (46.0 kHz eP)
[    65.239] (II) vmware(0): Modeline "2560x1600"x60.0  348.50  2560 2752 3032 3504  1600 1603 1609 1658 -hsync +vsync (99.5 kHz e)
[    65.239] (II) vmware(0): Modeline "1920x1440"x60.0  234.00  1920 2048 2256 2600  1440 1441 1444 1500 -hsync +vsync (90.0 kHz e)
[    65.239] (II) vmware(0): Modeline "1856x1392"x60.0  218.25  1856 1952 2176 2528  1392 1393 1396 1439 -hsync +vsync (86.3 kHz e)
[    65.239] (II) vmware(0): Modeline "1792x1344"x60.0  204.75  1792 1920 2120 2448  1344 1345 1348 1394 -hsync +vsync (83.6 kHz e)
[    65.239] (II) vmware(0): Modeline "1920x1200"x59.9  193.25  1920 2056 2256 2592  1200 1203 1209 1245 -hsync +vsync (74.6 kHz e)
[    65.239] (II) vmware(0): Modeline "1600x1200"x60.0  162.00  1600 1664 1856 2160  1200 1201 1204 1250 +hsync +vsync (75.0 kHz e)
[    65.239] (II) vmware(0): Modeline "1680x1050"x60.0  146.25  1680 1784 1960 2240  1050 1053 1059 1089 -hsync +vsync (65.3 kHz e)
[    65.239] (II) vmware(0): Modeline "1400x1050"x60.0  121.75  1400 1488 1632 1864  1050 1053 1057 1089 -hsync +vsync (65.3 kHz e)
[    65.239] (II) vmware(0): Modeline "1280x1024"x60.0  108.00  1280 1328 1440 1688  1024 1025 1028 1066 +hsync +vsync (64.0 kHz e)
[    65.239] (II) vmware(0): Modeline "1440x900"x59.9  106.50  1440 1520 1672 1904  900 903 909 934 -hsync +vsync (55.9 kHz e)
[    65.239] (II) vmware(0): Modeline "1280x960"x60.0  108.00  1280 1376 1488 1800  960 961 964 1000 +hsync +vsync (60.0 kHz e)
[    65.239] (II) vmware(0): Modeline "1360x768"x60.0   85.50  1360 1424 1536 1792  768 771 777 795 +hsync +vsync (47.7 kHz e)
[    65.239] (II) vmware(0): Modeline "1280x800"x59.8   83.50  1280 1352 1480 1680  800 803 809 831 +hsync -vsync (49.7 kHz e)
[    65.239] (II) vmware(0): Modeline "1152x864"x75.0  108.00  1152 1216 1344 1600  864 865 868 900 +hsync +vsync (67.5 kHz e)
[    65.240] (II) vmware(0): Modeline "1280x768"x59.9   79.50  1280 1344 1472 1664  768 771 778 798 -hsync +vsync (47.8 kHz e)
[    65.240] (II) vmware(0): Modeline "1024x768"x60.0   65.00  1024 1048 1184 1344  768 771 777 806 -hsync -vsync (48.4 kHz e)
[    65.240] (II) vmware(0): Modeline "800x600"x60.3   40.00  800 840 968 1056  600 601 605 628 +hsync +vsync (37.9 kHz e)
[    65.240] (II) vmware(0): Modeline "640x480"x59.9   25.18  640 656 752 800  480 489 492 525 -hsync -vsync (31.5 kHz e)
[    65.240] (II) vmware(0): EDID for output Virtual2
[    65.240] (II) vmware(0): EDID for output Virtual3
[    65.240] (II) vmware(0): EDID for output Virtual4
[    65.240] (II) vmware(0): EDID for output Virtual5
[    65.240] (II) vmware(0): EDID for output Virtual6
[    65.240] (II) vmware(0): EDID for output Virtual7
[    65.240] (II) vmware(0): EDID for output Virtual8
[    65.240] (II) vmware(0): Output Virtual1 connected
[    65.240] (II) vmware(0): Output Virtual2 disconnected
[    65.241] (II) vmware(0): Output Virtual3 disconnected
[    65.241] (II) vmware(0): Output Virtual4 disconnected
[    65.241] (II) vmware(0): Output Virtual5 disconnected
[    65.241] (II) vmware(0): Output Virtual6 disconnected
[    65.241] (II) vmware(0): Output Virtual7 disconnected
[    65.241] (II) vmware(0): Output Virtual8 disconnected
[    65.241] (II) vmware(0): Using exact sizes for initial modes
[    65.241] (II) vmware(0): Output Virtual1 using initial mode 1164x616 +0+0
[    65.241] (==) vmware(0): DPI set to (96, 96)
[    65.241] (==) vmware(0): Using gamma correction (1.0, 1.0, 1.0)
[    65.241] (II) Loading sub module "fb"
[    65.241] (II) LoadModule: "fb"
[    65.242] (II) Loading /usr/lib/xorg/modules/libfb.so
[    65.244] (II) Module fb: vendor="X.Org Foundation"
[    65.244] 	compiled for 1.20.9, module version = 1.0.0
[    65.244] 	ABI class: X.Org ANSI C Emulation, version 0.4
[    65.244] (II) Loading sub module "dri2"
[    65.244] (II) LoadModule: "dri2"
[    65.244] (II) Module "dri2" already built-in
[    65.244] (II) Loading sub module "dri3"
[    65.244] (II) LoadModule: "dri3"
[    65.244] (II) Module "dri3" already built-in
[    65.244] (II) UnloadModule: "modesetting"
[    65.244] (II) Unloading modesetting
[    65.244] (II) UnloadModule: "fbdev"
[    65.245] (II) Unloading fbdev
[    65.245] (II) UnloadSubModule: "fbdevhw"
[    65.245] (II) Unloading fbdevhw
[    65.245] (II) UnloadModule: "vesa"
[    65.245] (II) Unloading vesa
[    65.264] (II) vmware(0): Initialized VMWARE_CTRL extension version 0.2
[    65.350] (II) vmware(0): Gallium3D XA version: 2.5.0.
[    65.351] (II) vmware(0): Path of drm device is "/dev/dri/card0".
[    65.351] (II) vmware(0): [DRI2] Setup complete
[    65.351] (II) vmware(0): [DRI2]   DRI driver: vmwgfx
[    66.103] (--) vmware(0): Render acceleration is enabled.
[    66.103] (==) vmware(0): Rendercheck mode is disabled.
[    66.103] (--) vmware(0): Direct rendering (DRI2 3D) is enabled.
[    66.103] (--) vmware(0): Direct rendering (DRI3 3D) is enabled.
[    66.104] (==) vmware(0): Direct presents are disabled.
[    66.104] (==) vmware(0): Hardware only presents are automatic per scanout.
[    66.104] (==) vmware(0): Backing store enabled
[    66.104] (==) vmware(0): Silken mouse enabled
[    66.109] (==) vmware(0): DPMS enabled
[    66.110] (II) Initializing extension Generic Event Extension
[    66.110] (II) Initializing extension SHAPE
[    66.110] (II) Initializing extension MIT-SHM
[    66.110] (II) Initializing extension XInputExtension
[    66.112] (II) Initializing extension XTEST
[    66.112] (II) Initializing extension BIG-REQUESTS
[    66.112] (II) Initializing extension SYNC
[    66.112] (II) Initializing extension XKEYBOARD
[    66.113] (II) Initializing extension XC-MISC
[    66.113] (II) Initializing extension SECURITY
[    66.113] (II) Initializing extension XFIXES
[    66.113] (II) Initializing extension RENDER
[    66.113] (II) Initializing extension RANDR
[    66.113] (II) Initializing extension COMPOSITE
[    66.114] (II) Initializing extension DAMAGE
[    66.114] (II) Initializing extension MIT-SCREEN-SAVER
[    66.114] (II) Initializing extension DOUBLE-BUFFER
[    66.114] (II) Initializing extension RECORD
[    66.115] (II) Initializing extension DPMS
[    66.115] (II) Initializing extension Present
[    66.115] (II) Initializing extension DRI3
[    66.115] (II) Initializing extension X-Resource
[    66.115] (II) Initializing extension XVideo
[    66.115] (II) Initializing extension XVideo-MotionCompensation
[    66.115] (II) Initializing extension SELinux
[    66.116] (II) SELinux: Disabled on system
[    66.116] (II) Initializing extension GLX
[    66.129] (II) AIGLX: Loaded and initialized vmwgfx
[    66.129] (II) GLX: Initialized DRI2 GL provider for screen 0
[    66.129] (II) Initializing extension XFree86-VidModeExtension
[    66.129] (II) Initializing extension XFree86-DGA
[    66.129] (II) Initializing extension XFree86-DRI
[    66.129] (II) Initializing extension DRI2
[    66.140] (II) vmware(0): Setting screen physical size to 307 x 162
[    66.186] (II) config/udev: Adding input device Power Button (/dev/input/event0)
[    66.186] (**) Power Button: Applying InputClass "libinput keyboard catchall"
[    66.186] (II) LoadModule: "libinput"
[    66.186] (II) Loading /usr/lib/xorg/modules/input/libinput_drv.so
[    66.205] (II) Module libinput: vendor="X.Org Foundation"
[    66.205] 	compiled for 1.20.4, module version = 0.29.0
[    66.205] 	Module class: X.Org XInput Driver
[    66.205] 	ABI class: X.Org XInput driver, version 24.1
[    66.205] (II) Using input driver 'libinput' for 'Power Button'
[    66.206] (II) systemd-logind: got fd for /dev/input/event0 13:64 fd 24 paused 0
[    66.207] (**) Power Button: always reports core events
[    66.207] (**) Option "Device" "/dev/input/event0"
[    66.207] (**) Option "_source" "server/udev"
[    66.209] (II) event0  - Power Button: is tagged by udev as: Keyboard
[    66.209] (II) event0  - Power Button: device is a keyboard
[    66.209] (II) event0  - Power Button: device removed
[    66.209] (**) Option "config_info" "udev:/sys/devices/LNXSYSTM:00/LNXPWRBN:00/input/input0/event0"
[    66.209] (II) XINPUT: Adding extended input device "Power Button" (type: KEYBOARD, id 6)
[    66.209] (**) Option "xkb_model" "SKIP"
[    66.209] (**) Option "xkb_layout" "us"
[    66.233] (II) event0  - Power Button: is tagged by udev as: Keyboard
[    66.233] (II) event0  - Power Button: device is a keyboard
[    66.234] (II) config/udev: Adding input device VMware VMware Virtual USB Mouse (/dev/input/event4)
[    66.234] (**) VMware VMware Virtual USB Mouse: Applying InputClass "libinput pointer catchall"
[    66.234] (II) Using input driver 'libinput' for 'VMware VMware Virtual USB Mouse'
[    66.295] (II) systemd-logind: got fd for /dev/input/event4 13:68 fd 27 paused 0
[    66.295] (**) VMware VMware Virtual USB Mouse: always reports core events
[    66.295] (**) Option "Device" "/dev/input/event4"
[    66.295] (**) Option "_source" "server/udev"
[    66.297] (II) event4  - VMware VMware Virtual USB Mouse: is tagged by udev as: Mouse
[    66.299] (II) event4  - VMware VMware Virtual USB Mouse: device is a pointer
[    66.299] (II) event4  - VMware VMware Virtual USB Mouse: device removed
[    66.299] (**) Option "config_info" "udev:/sys/devices/pci0000:00/0000:00:11.0/0000:02:00.0/usb2/2-1/2-1:1.0/0003:0E0F:0003.0001/input/input5/event4"
[    66.299] (II) XINPUT: Adding extended input device "VMware VMware Virtual USB Mouse" (type: MOUSE, id 7)
[    66.299] (**) Option "AccelerationScheme" "none"
[    66.299] (**) VMware VMware Virtual USB Mouse: (accel) selected scheme none/0
[    66.299] (**) VMware VMware Virtual USB Mouse: (accel) acceleration factor: 2.000
[    66.299] (**) VMware VMware Virtual USB Mouse: (accel) acceleration threshold: 4
[    66.300] (II) event4  - VMware VMware Virtual USB Mouse: is tagged by udev as: Mouse
[    66.300] (II) event4  - VMware VMware Virtual USB Mouse: device is a pointer
[    66.300] (II) config/udev: Adding input device VMware VMware Virtual USB Mouse (/dev/input/mouse2)
[    66.300] (II) No input driver specified, ignoring this device.
[    66.300] (II) This device may have been added with another device file.
[    66.301] (II) config/udev: Adding input device AT Translated Set 2 keyboard (/dev/input/event1)
[    66.301] (**) AT Translated Set 2 keyboard: Applying InputClass "libinput keyboard catchall"
[    66.301] (II) Using input driver 'libinput' for 'AT Translated Set 2 keyboard'
[    66.302] (II) systemd-logind: got fd for /dev/input/event1 13:65 fd 28 paused 0
[    66.302] (**) AT Translated Set 2 keyboard: always reports core events
[    66.302] (**) Option "Device" "/dev/input/event1"
[    66.302] (**) Option "_source" "server/udev"
[    66.304] (II) event1  - AT Translated Set 2 keyboard: is tagged by udev as: Keyboard
[    66.304] (II) event1  - AT Translated Set 2 keyboard: device is a keyboard
[    66.305] (II) event1  - AT Translated Set 2 keyboard: device removed
[    66.305] (**) Option "config_info" "udev:/sys/devices/platform/i8042/serio0/input/input1/event1"
[    66.305] (II) XINPUT: Adding extended input device "AT Translated Set 2 keyboard" (type: KEYBOARD, id 8)
[    66.305] (**) Option "xkb_model" "SKIP"
[    66.305] (**) Option "xkb_layout" "us"
[    66.308] (II) event1  - AT Translated Set 2 keyboard: is tagged by udev as: Keyboard
[    66.308] (II) event1  - AT Translated Set 2 keyboard: device is a keyboard
[    66.310] (II) config/udev: Adding input device VirtualPS/2 VMware VMMouse (/dev/input/event3)
[    66.310] (**) VirtualPS/2 VMware VMMouse: Applying InputClass "libinput pointer catchall"
[    66.310] (II) Using input driver 'libinput' for 'VirtualPS/2 VMware VMMouse'
[    66.312] (II) systemd-logind: got fd for /dev/input/event3 13:67 fd 29 paused 0
[    66.312] (**) VirtualPS/2 VMware VMMouse: always reports core events
[    66.312] (**) Option "Device" "/dev/input/event3"
[    66.312] (**) Option "_source" "server/udev"
[    66.312] (II) event3  - VirtualPS/2 VMware VMMouse: is tagged by udev as: Mouse
[    66.312] (II) event3  - VirtualPS/2 VMware VMMouse: device is a pointer
[    66.313] (II) event3  - VirtualPS/2 VMware VMMouse: device removed
[    66.313] (**) Option "config_info" "udev:/sys/devices/platform/i8042/serio1/input/input3/event3"
[    66.313] (II) XINPUT: Adding extended input device "VirtualPS/2 VMware VMMouse" (type: MOUSE, id 9)
[    66.313] (**) Option "AccelerationScheme" "none"
[    66.313] (**) VirtualPS/2 VMware VMMouse: (accel) selected scheme none/0
[    66.313] (**) VirtualPS/2 VMware VMMouse: (accel) acceleration factor: 2.000
[    66.313] (**) VirtualPS/2 VMware VMMouse: (accel) acceleration threshold: 4
[    66.314] (II) event3  - VirtualPS/2 VMware VMMouse: is tagged by udev as: Mouse
[    66.314] (II) event3  - VirtualPS/2 VMware VMMouse: device is a pointer
[    66.315] (II) config/udev: Adding input device VirtualPS/2 VMware VMMouse (/dev/input/mouse1)
[    66.315] (II) No input driver specified, ignoring this device.
[    66.315] (II) This device may have been added with another device file.
[    66.315] (II) config/udev: Adding input device VirtualPS/2 VMware VMMouse (/dev/input/event2)
[    66.315] (**) VirtualPS/2 VMware VMMouse: Applying InputClass "libinput pointer catchall"
[    66.315] (II) Using input driver 'libinput' for 'VirtualPS/2 VMware VMMouse'
[    66.317] (II) systemd-logind: got fd for /dev/input/event2 13:66 fd 30 paused 0
[    66.317] (**) VirtualPS/2 VMware VMMouse: always reports core events
[    66.317] (**) Option "Device" "/dev/input/event2"
[    66.317] (**) Option "_source" "server/udev"
[    66.317] (II) event2  - VirtualPS/2 VMware VMMouse: is tagged by udev as: Mouse
[    66.318] (II) event2  - VirtualPS/2 VMware VMMouse: device is a pointer
[    66.318] (II) event2  - VirtualPS/2 VMware VMMouse: device removed
[    66.318] (**) Option "config_info" "udev:/sys/devices/platform/i8042/serio1/input/input4/event2"
[    66.318] (II) XINPUT: Adding extended input device "VirtualPS/2 VMware VMMouse" (type: MOUSE, id 10)
[    66.318] (**) Option "AccelerationScheme" "none"
[    66.318] (**) VirtualPS/2 VMware VMMouse: (accel) selected scheme none/0
[    66.318] (**) VirtualPS/2 VMware VMMouse: (accel) acceleration factor: 2.000
[    66.318] (**) VirtualPS/2 VMware VMMouse: (accel) acceleration threshold: 4
[    66.320] (II) event2  - VirtualPS/2 VMware VMMouse: is tagged by udev as: Mouse
[    66.320] (II) event2  - VirtualPS/2 VMware VMMouse: device is a pointer
[    66.321] (II) config/udev: Adding input device VirtualPS/2 VMware VMMouse (/dev/input/mouse0)
[    66.321] (II) No input driver specified, ignoring this device.
[    66.321] (II) This device may have been added with another device file.
[    99.611] (!!) vmware(0): New layout.
[    99.611] (!!) vmware(0): 0: 0 0 1366 768
[    99.611] (!!) vmware(0): 
